\BOOKMARK [1][-]{section.1}{\376\377\137\025\212\000}{}% 1
\BOOKMARK [2][-]{subsection.1.1}{\376\377\170\024\172\166\200\314\146\157}{section.1}% 2
\BOOKMARK [2][-]{subsection.1.2}{\376\377\116\163\201\172\166\114\122\006\133\120\122\006\127\213}{section.1}% 3
\BOOKMARK [2][-]{subsection.1.3}{\376\377\145\160\143\156\143\026\143\230\127\050\166\114\165\307\170\024\172\166\116\055\166\204\136\224\165\050}{section.1}% 4
\BOOKMARK [2][-]{subsection.1.4}{\376\377\170\024\172\166\166\356\166\204\116\016\213\272\145\207\176\323\147\204}{section.1}% 5
\BOOKMARK [1][-]{section.2}{\376\377\147\120\145\231\116\016\145\271\154\325}{}% 6
\BOOKMARK [2][-]{subsection.2.1}{\376\377\145\160\143\156\147\145\156\220}{section.2}% 7
\BOOKMARK [2][-]{subsection.2.2}{\376\377\145\160\143\156\230\204\131\004\164\006}{section.2}% 8
\BOOKMARK [2][-]{subsection.2.3}{\376\377\122\006\147\220\145\271\154\325}{section.2}% 9
\BOOKMARK [2][-]{subsection.2.4}{\376\377\122\006\147\220\163\257\130\203}{section.2}% 10
\BOOKMARK [1][-]{section.3}{\376\377\176\323\147\234}{}% 11
\BOOKMARK [2][-]{subsection.3.1}{\376\377\145\160\143\156\151\202\211\310}{section.3}% 12
\BOOKMARK [2][-]{subsection.3.2}{\376\377\135\356\137\002\210\150\217\276\116\016\122\237\200\375\133\314\226\306}{section.3}% 13
\BOOKMARK [3][-]{subsubsection.3.2.1}{\376\377\000T\000u\000m\000o\000r\000\040\000v\000s\000\040\000N\000o\000r\000m\000a\000l\000\040\135\356\137\002\210\150\217\276}{subsection.3.2}% 14
\BOOKMARK [3][-]{subsubsection.3.2.2}{\376\377\116\232\127\213\225\364\135\356\137\002\210\150\217\276}{subsection.3.2}% 15
\BOOKMARK [3][-]{subsubsection.3.2.3}{\376\377\122\237\200\375\133\314\226\306\122\006\147\220}{subsection.3.2}% 16
\BOOKMARK [2][-]{subsection.3.3}{\376\377\122\006\133\120\116\232\127\213\122\006\174\173}{section.3}% 17
\BOOKMARK [2][-]{subsection.3.4}{\376\377\200\132\174\173\122\006\147\220}{section.3}% 18
\BOOKMARK [2][-]{subsection.3.5}{\376\377\000W\000G\000C\000N\000A\121\161\210\150\217\276\177\121\176\334}{section.3}% 19
\BOOKMARK [2][-]{subsection.3.6}{\376\377\165\037\133\130\122\006\147\220}{section.3}% 20
\BOOKMARK [2][-]{subsection.3.7}{\376\377\117\123\176\306\200\336\172\201\123\330\116\016\000T\000M\000B}{section.3}% 21
\BOOKMARK [2][-]{subsection.3.8}{\376\377\121\163\200\124\211\304\122\031\116\016\214\003\143\247\177\121\176\334}{section.3}% 22
\BOOKMARK [1][-]{section.4}{\376\377\213\250\213\272}{}% 23
\BOOKMARK [1][-]{section.5}{\376\377\176\323\213\272}{}% 24
\BOOKMARK [1][-]{appendix.A}{\376\377\150\070\137\303\000R\116\343\170\001}{}% 25
\BOOKMARK [2][-]{subsection.A.1}{\376\377\145\160\143\156\230\204\131\004\164\006\116\016\135\356\137\002\210\150\217\276\122\006\147\220}{appendix.A}% 26
\BOOKMARK [2][-]{subsection.A.2}{\376\377\122\237\200\375\133\314\226\306\122\006\147\220}{appendix.A}% 27
\BOOKMARK [2][-]{subsection.A.3}{\376\377\122\006\133\120\116\232\127\213\122\006\174\173}{appendix.A}% 28
\BOOKMARK [2][-]{subsection.A.4}{\376\377\200\132\174\173\122\006\147\220}{appendix.A}% 29
\BOOKMARK [2][-]{subsection.A.5}{\376\377\000W\000G\000C\000N\000A\121\161\210\150\217\276\177\121\176\334}{appendix.A}% 30
\BOOKMARK [2][-]{subsection.A.6}{\376\377\165\037\133\130\122\006\147\220}{appendix.A}% 31
\BOOKMARK [2][-]{subsection.A.7}{\376\377\172\201\123\330\122\006\147\220\116\016\000T\000M\000B}{appendix.A}% 32
\BOOKMARK [2][-]{subsection.A.8}{\376\377\121\163\200\124\211\304\122\031\116\016\000m\000i\000R\000N\000A\177\121\176\334}{appendix.A}% 33
